<?xml version="1.0" encoding="UTF-8"?>
<!-- Generated by org.testng.reporters.JUnitReportReporter -->
<testsuite skipped="2" hostname="SVINDK00026" name="runner_file.runner" tests="2" failures="0" timestamp="30 Jan 2020 09:39:25 GMT" time="0.140" errors="0">
  <testcase name="runScenario" time="0.015" classname="runner_file.runner">
    <skipped/>
  </testcase> <!-- runScenario -->
  <testcase name="runScenario" time="0.125" classname="runner_file.runner">
    <skipped/>
  </testcase> <!-- runScenario -->
</testsuite> <!-- runner_file.runner -->
